"main" #1 prio=5 os_prio=0 tid=0x00007fabf800b000 nid=0x7cc7 runnable [0x00007fabfd5d5000]
   java.lang.Thread.State: RUNNABLE
        at java.net.SocketInputStream.socketRead0(Native Method)
        at java.net.SocketInputStream.socketRead(SocketInputStream.java:116)
        at java.net.SocketInputStream.read(SocketInputStream.java:171)
        at java.net.SocketInputStream.read(SocketInputStream.java:141)
        at sun.security.ssl.SSLSocketInputRecord.read(SSLSocketInputRecord.java:464)
        at sun.security.ssl.SSLSocketInputRecord.decodeInputRecord(SSLSocketInputRecord.java:237)
        at sun.security.ssl.SSLSocketInputRecord.decode(SSLSocketInputRecord.java:190)
        at sun.security.ssl.SSLTransport.decode(SSLTransport.java:109)
        at sun.security.ssl.SSLSocketImpl.decode(SSLSocketImpl.java:1404)
        at sun.security.ssl.SSLSocketImpl.readApplicationRecord(SSLSocketImpl.java:1372)
        at sun.security.ssl.SSLSocketImpl.access$300(SSLSocketImpl.java:73)
        at sun.security.ssl.SSLSocketImpl$AppInputStream.read(SSLSocketImpl.java:966)
        at org.apache.maven.wagon.providers.http.httpclient.impl.io.SessionInputBufferImpl.streamRead(SessionInputBufferImpl.java:137)
        at org.apache.maven.wagon.providers.http.httpclient.impl.io.SessionInputBufferImpl.read(SessionInputBufferImpl.java:197)
        at org.apache.maven.wagon.providers.http.httpclient.impl.io.ContentLengthInputStream.read(ContentLengthInputStream.java:176)
        at org.apache.maven.wagon.providers.http.httpclient.conn.EofSensorInputStream.read(EofSensorInputStream.java:135)
        at java.nio.channels.Channels$ReadableByteChannelImpl.read(Channels.java:385)
        - locked <0x00000000dbd6b4c0> (a java.lang.Object)
        at org.apache.maven.wagon.AbstractWagon.transfer(AbstractWagon.java:597)
        at org.apache.maven.wagon.AbstractWagon.getTransfer(AbstractWagon.java:395)
        at org.apache.maven.wagon.AbstractWagon.getTransfer(AbstractWagon.java:338)
        at org.apache.maven.wagon.AbstractWagon.getTransfer(AbstractWagon.java:307)
        at org.apache.maven.wagon.StreamWagon.getIfNewer(StreamWagon.java:97)
        at org.apache.maven.wagon.StreamWagon.get(StreamWagon.java:61)
        at org.eclipse.aether.transport.wagon.WagonTransporter$GetTaskRunner.run(WagonTransporter.java:567)
        at org.eclipse.aether.transport.wagon.WagonTransporter.execute(WagonTransporter.java:435)
        at org.eclipse.aether.transport.wagon.WagonTransporter.get(WagonTransporter.java:412)
        at org.eclipse.aether.connector.basic.BasicRepositoryConnector$GetTaskRunner.runTask(BasicRepositoryConnector.java:457)
        at org.eclipse.aether.connector.basic.BasicRepositoryConnector$TaskRunner.run(BasicRepositoryConnector.java:364)
        at org.eclipse.aether.util.concurrency.RunnableErrorForwarder$1.run(RunnableErrorForwarder.java:75)
        at org.eclipse.aether.connector.basic.BasicRepositoryConnector$DirectExecutor.execute(BasicRepositoryConnector.java:644)
        at org.eclipse.aether.connector.basic.BasicRepositoryConnector.get(BasicRepositoryConnector.java:262)
        at org.eclipse.aether.internal.impl.DefaultArtifactResolver.performDownloads(DefaultArtifactResolver.java:499)
        at org.eclipse.aether.internal.impl.DefaultArtifactResolver.resolve(DefaultArtifactResolver.java:401)
        at org.eclipse.aether.internal.impl.DefaultArtifactResolver.resolveArtifacts(DefaultArtifactResolver.java:229)
        at org.eclipse.aether.internal.impl.DefaultRepositorySystem.resolveDependencies(DefaultRepositorySystem.java:340)
        at org.apache.maven.shared.transfer.dependencies.resolve.internal.Maven31DependencyResolver.resolveDependencies(Maven31DependencyResolver.java:216)
        at org.apache.maven.shared.transfer.dependencies.resolve.internal.Maven31DependencyResolver.resolveDependencies(Maven31DependencyResolver.java:153)
        at org.apache.maven.shared.transfer.dependencies.resolve.internal.DefaultDependencyResolver.resolveDependencies(DefaultDependencyResolver.java:91)
        at org.apache.maven.plugins.dependency.PurgeLocalRepositoryMojo.getFilteredResolvedArtifacts(PurgeLocalRepositoryMojo.java:515)
        at org.apache.maven.plugins.dependency.PurgeLocalRepositoryMojo.purgeLocalRepository(PurgeLocalRepositoryMojo.java:344)
        at org.apache.maven.plugins.dependency.PurgeLocalRepositoryMojo.execute(PurgeLocalRepositoryMojo.java:315)
        at org.apache.maven.plugin.DefaultBuildPluginManager.executeMojo(DefaultBuildPluginManager.java:137)
        at org.apache.maven.lifecycle.internal.MojoExecutor.execute(MojoExecutor.java:210)
        at org.apache.maven.lifecycle.internal.MojoExecutor.execute(MojoExecutor.java:156)
        at org.apache.maven.lifecycle.internal.MojoExecutor.execute(MojoExecutor.java:148)
        at org.apache.maven.lifecycle.internal.LifecycleModuleBuilder.buildProject(LifecycleModuleBuilder.java:117)
        at org.apache.maven.lifecycle.internal.LifecycleModuleBuilder.buildProject(LifecycleModuleBuilder.java:81)
        at org.apache.maven.lifecycle.internal.builder.singlethreaded.SingleThreadedBuilder.build(SingleThreadedBuilder.java:56)
        at org.apache.maven.lifecycle.internal.LifecycleStarter.execute(LifecycleStarter.java:128)
        at org.apache.maven.DefaultMaven.doExecute(DefaultMaven.java:305)
        at org.apache.maven.DefaultMaven.doExecute(DefaultMaven.java:192)
        at org.apache.maven.DefaultMaven.execute(DefaultMaven.java:105)
        at org.apache.maven.cli.MavenCli.execute(MavenCli.java:957)
        at org.apache.maven.cli.MavenCli.doMain(MavenCli.java:289)
        at org.apache.maven.cli.MavenCli.main(MavenCli.java:193)
        at sun.reflect.NativeMethodAccessorImpl.invoke0(Native Method)
        at sun.reflect.NativeMethodAccessorImpl.invoke(NativeMethodAccessorImpl.java:62)
        at sun.reflect.DelegatingMethodAccessorImpl.invoke(DelegatingMethodAccessorImpl.java:43)
        at java.lang.reflect.Method.invoke(Method.java:498)
        at org.codehaus.plexus.classworlds.launcher.Launcher.launchEnhanced(Launcher.java:282)
        at org.codehaus.plexus.classworlds.launcher.Launcher.launch(Launcher.java:225)
        at org.codehaus.plexus.classworlds.launcher.Launcher.mainWithExitCode(Launcher.java:406)
        at org.codehaus.plexus.classworlds.launcher.Launcher.main(Launcher.java:347)
